2012-06-05 18:22:35 Error: [MissingControllerException] Controller class TestController could not be found.
#0 C:\wamp\www\IAWP4\app\webroot\index.php(92): Dispatcher->dispatch(Object(CakeRequest), Object(CakeResponse))
#1 {main}
2012-06-05 18:41:38 Error: [MissingControllerException] Controller class ImagesController could not be found.
#0 C:\wamp\www\IAWP4\app\webroot\index.php(92): Dispatcher->dispatch(Object(CakeRequest), Object(CakeResponse))
#1 {main}
2012-06-05 18:41:39 Error: [MissingControllerException] Controller class ImagesController could not be found.
#0 C:\wamp\www\IAWP4\app\webroot\index.php(92): Dispatcher->dispatch(Object(CakeRequest), Object(CakeResponse))
#1 {main}
2012-06-05 18:41:39 Error: [MissingControllerException] Controller class ImagesController could not be found.
#0 C:\wamp\www\IAWP4\app\webroot\index.php(92): Dispatcher->dispatch(Object(CakeRequest), Object(CakeResponse))
#1 {main}
2012-06-05 18:41:39 Error: [MissingControllerException] Controller class ImagesController could not be found.
#0 C:\wamp\www\IAWP4\app\webroot\index.php(92): Dispatcher->dispatch(Object(CakeRequest), Object(CakeResponse))
#1 {main}
2012-06-05 18:42:47 Error: [MissingControllerException] Controller class CssController could not be found.
#0 C:\wamp\www\IAWP4\app\webroot\index.php(92): Dispatcher->dispatch(Object(CakeRequest), Object(CakeResponse))
#1 {main}
2012-06-05 18:42:47 Error: [MissingControllerException] Controller class CssController could not be found.
#0 C:\wamp\www\IAWP4\app\webroot\index.php(92): Dispatcher->dispatch(Object(CakeRequest), Object(CakeResponse))
#1 {main}
2012-06-05 18:42:47 Error: [MissingControllerException] Controller class CssController could not be found.
#0 C:\wamp\www\IAWP4\app\webroot\index.php(92): Dispatcher->dispatch(Object(CakeRequest), Object(CakeResponse))
#1 {main}
2012-06-05 18:42:47 Error: [MissingControllerException] Controller class CssController could not be found.
#0 C:\wamp\www\IAWP4\app\webroot\index.php(92): Dispatcher->dispatch(Object(CakeRequest), Object(CakeResponse))
#1 {main}
2012-06-05 18:42:47 Error: [MissingControllerException] Controller class CssController could not be found.
#0 C:\wamp\www\IAWP4\app\webroot\index.php(92): Dispatcher->dispatch(Object(CakeRequest), Object(CakeResponse))
#1 {main}
2012-06-05 18:42:47 Error: [MissingControllerException] Controller class CssController could not be found.
#0 C:\wamp\www\IAWP4\app\webroot\index.php(92): Dispatcher->dispatch(Object(CakeRequest), Object(CakeResponse))
#1 {main}
2012-06-05 18:42:47 Error: [MissingControllerException] Controller class CssController could not be found.
#0 C:\wamp\www\IAWP4\app\webroot\index.php(92): Dispatcher->dispatch(Object(CakeRequest), Object(CakeResponse))
#1 {main}
2012-06-05 18:42:47 Error: [MissingControllerException] Controller class CssController could not be found.
#0 C:\wamp\www\IAWP4\app\webroot\index.php(92): Dispatcher->dispatch(Object(CakeRequest), Object(CakeResponse))
#1 {main}
2012-06-05 18:42:47 Error: [MissingControllerException] Controller class CssController could not be found.
#0 C:\wamp\www\IAWP4\app\webroot\index.php(92): Dispatcher->dispatch(Object(CakeRequest), Object(CakeResponse))
#1 {main}
2012-06-05 18:42:47 Error: [MissingControllerException] Controller class CssController could not be found.
#0 C:\wamp\www\IAWP4\app\webroot\index.php(92): Dispatcher->dispatch(Object(CakeRequest), Object(CakeResponse))
#1 {main}
2012-06-05 18:42:47 Error: [MissingControllerException] Controller class CssController could not be found.
#0 C:\wamp\www\IAWP4\app\webroot\index.php(92): Dispatcher->dispatch(Object(CakeRequest), Object(CakeResponse))
#1 {main}
2012-06-05 18:42:47 Error: [MissingControllerException] Controller class CssController could not be found.
#0 C:\wamp\www\IAWP4\app\webroot\index.php(92): Dispatcher->dispatch(Object(CakeRequest), Object(CakeResponse))
#1 {main}
2012-06-05 18:43:15 Error: [MissingControllerException] Controller class CssController could not be found.
#0 C:\wamp\www\IAWP4\app\webroot\index.php(92): Dispatcher->dispatch(Object(CakeRequest), Object(CakeResponse))
#1 {main}
2012-06-05 18:43:15 Error: [MissingControllerException] Controller class CssController could not be found.
#0 C:\wamp\www\IAWP4\app\webroot\index.php(92): Dispatcher->dispatch(Object(CakeRequest), Object(CakeResponse))
#1 {main}
2012-06-05 18:43:15 Error: [MissingControllerException] Controller class CssController could not be found.
#0 C:\wamp\www\IAWP4\app\webroot\index.php(92): Dispatcher->dispatch(Object(CakeRequest), Object(CakeResponse))
#1 {main}
2012-06-05 18:43:15 Error: [MissingControllerException] Controller class CssController could not be found.
#0 C:\wamp\www\IAWP4\app\webroot\index.php(92): Dispatcher->dispatch(Object(CakeRequest), Object(CakeResponse))
#1 {main}
2012-06-05 18:43:15 Error: [MissingControllerException] Controller class CssController could not be found.
#0 C:\wamp\www\IAWP4\app\webroot\index.php(92): Dispatcher->dispatch(Object(CakeRequest), Object(CakeResponse))
#1 {main}
2012-06-05 18:43:16 Error: [MissingControllerException] Controller class CssController could not be found.
#0 C:\wamp\www\IAWP4\app\webroot\index.php(92): Dispatcher->dispatch(Object(CakeRequest), Object(CakeResponse))
#1 {main}
2012-06-05 18:43:16 Error: [MissingControllerException] Controller class CssController could not be found.
#0 C:\wamp\www\IAWP4\app\webroot\index.php(92): Dispatcher->dispatch(Object(CakeRequest), Object(CakeResponse))
#1 {main}
2012-06-05 18:43:16 Error: [MissingControllerException] Controller class CssController could not be found.
#0 C:\wamp\www\IAWP4\app\webroot\index.php(92): Dispatcher->dispatch(Object(CakeRequest), Object(CakeResponse))
#1 {main}
2012-06-05 18:43:16 Error: [MissingControllerException] Controller class CssController could not be found.
#0 C:\wamp\www\IAWP4\app\webroot\index.php(92): Dispatcher->dispatch(Object(CakeRequest), Object(CakeResponse))
#1 {main}
2012-06-05 18:43:16 Error: [MissingControllerException] Controller class CssController could not be found.
#0 C:\wamp\www\IAWP4\app\webroot\index.php(92): Dispatcher->dispatch(Object(CakeRequest), Object(CakeResponse))
#1 {main}
2012-06-05 18:43:16 Error: [MissingControllerException] Controller class CssController could not be found.
#0 C:\wamp\www\IAWP4\app\webroot\index.php(92): Dispatcher->dispatch(Object(CakeRequest), Object(CakeResponse))
#1 {main}
2012-06-05 18:43:16 Error: [MissingControllerException] Controller class CssController could not be found.
#0 C:\wamp\www\IAWP4\app\webroot\index.php(92): Dispatcher->dispatch(Object(CakeRequest), Object(CakeResponse))
#1 {main}
2012-06-05 18:43:16 Error: [MissingControllerException] Controller class CssController could not be found.
#0 C:\wamp\www\IAWP4\app\webroot\index.php(92): Dispatcher->dispatch(Object(CakeRequest), Object(CakeResponse))
#1 {main}
2012-06-05 18:43:34 Error: [MissingControllerException] Controller class CssController could not be found.
#0 C:\wamp\www\IAWP4\app\webroot\index.php(92): Dispatcher->dispatch(Object(CakeRequest), Object(CakeResponse))
#1 {main}
2012-06-05 18:43:34 Error: [MissingControllerException] Controller class CssController could not be found.
#0 C:\wamp\www\IAWP4\app\webroot\index.php(92): Dispatcher->dispatch(Object(CakeRequest), Object(CakeResponse))
#1 {main}
2012-06-05 18:43:34 Error: [MissingControllerException] Controller class CssController could not be found.
#0 C:\wamp\www\IAWP4\app\webroot\index.php(92): Dispatcher->dispatch(Object(CakeRequest), Object(CakeResponse))
#1 {main}
2012-06-05 18:43:34 Error: [MissingControllerException] Controller class CssController could not be found.
#0 C:\wamp\www\IAWP4\app\webroot\index.php(92): Dispatcher->dispatch(Object(CakeRequest), Object(CakeResponse))
#1 {main}
2012-06-05 18:43:34 Error: [MissingControllerException] Controller class CssController could not be found.
#0 C:\wamp\www\IAWP4\app\webroot\index.php(92): Dispatcher->dispatch(Object(CakeRequest), Object(CakeResponse))
#1 {main}
2012-06-05 18:43:34 Error: [MissingControllerException] Controller class CssController could not be found.
#0 C:\wamp\www\IAWP4\app\webroot\index.php(92): Dispatcher->dispatch(Object(CakeRequest), Object(CakeResponse))
#1 {main}
2012-06-05 18:43:34 Error: [MissingControllerException] Controller class CssController could not be found.
#0 C:\wamp\www\IAWP4\app\webroot\index.php(92): Dispatcher->dispatch(Object(CakeRequest), Object(CakeResponse))
#1 {main}
2012-06-05 18:43:34 Error: [MissingControllerException] Controller class CssController could not be found.
#0 C:\wamp\www\IAWP4\app\webroot\index.php(92): Dispatcher->dispatch(Object(CakeRequest), Object(CakeResponse))
#1 {main}
2012-06-05 18:43:35 Error: [MissingControllerException] Controller class CssController could not be found.
#0 C:\wamp\www\IAWP4\app\webroot\index.php(92): Dispatcher->dispatch(Object(CakeRequest), Object(CakeResponse))
#1 {main}
2012-06-05 18:43:35 Error: [MissingControllerException] Controller class CssController could not be found.
#0 C:\wamp\www\IAWP4\app\webroot\index.php(92): Dispatcher->dispatch(Object(CakeRequest), Object(CakeResponse))
#1 {main}
2012-06-05 18:43:35 Error: [MissingControllerException] Controller class CssController could not be found.
#0 C:\wamp\www\IAWP4\app\webroot\index.php(92): Dispatcher->dispatch(Object(CakeRequest), Object(CakeResponse))
#1 {main}
2012-06-05 18:43:35 Error: [MissingControllerException] Controller class CssController could not be found.
#0 C:\wamp\www\IAWP4\app\webroot\index.php(92): Dispatcher->dispatch(Object(CakeRequest), Object(CakeResponse))
#1 {main}
2012-06-05 18:43:35 Error: [MissingControllerException] Controller class CssController could not be found.
#0 C:\wamp\www\IAWP4\app\webroot\index.php(92): Dispatcher->dispatch(Object(CakeRequest), Object(CakeResponse))
#1 {main}
2012-06-05 18:44:01 Error: [MissingControllerException] Controller class CssController could not be found.
#0 C:\wamp\www\IAWP4\app\webroot\index.php(92): Dispatcher->dispatch(Object(CakeRequest), Object(CakeResponse))
#1 {main}
2012-06-05 18:44:01 Error: [MissingControllerException] Controller class CssController could not be found.
#0 C:\wamp\www\IAWP4\app\webroot\index.php(92): Dispatcher->dispatch(Object(CakeRequest), Object(CakeResponse))
#1 {main}
2012-06-05 18:44:01 Error: [MissingControllerException] Controller class CssController could not be found.
#0 C:\wamp\www\IAWP4\app\webroot\index.php(92): Dispatcher->dispatch(Object(CakeRequest), Object(CakeResponse))
#1 {main}
2012-06-05 18:44:01 Error: [MissingControllerException] Controller class CssController could not be found.
#0 C:\wamp\www\IAWP4\app\webroot\index.php(92): Dispatcher->dispatch(Object(CakeRequest), Object(CakeResponse))
#1 {main}
2012-06-05 18:44:01 Error: [MissingControllerException] Controller class CssController could not be found.
#0 C:\wamp\www\IAWP4\app\webroot\index.php(92): Dispatcher->dispatch(Object(CakeRequest), Object(CakeResponse))
#1 {main}
2012-06-05 18:44:01 Error: [MissingControllerException] Controller class CssController could not be found.
#0 C:\wamp\www\IAWP4\app\webroot\index.php(92): Dispatcher->dispatch(Object(CakeRequest), Object(CakeResponse))
#1 {main}
2012-06-05 18:44:01 Error: [MissingControllerException] Controller class CssController could not be found.
#0 C:\wamp\www\IAWP4\app\webroot\index.php(92): Dispatcher->dispatch(Object(CakeRequest), Object(CakeResponse))
#1 {main}
2012-06-05 18:44:01 Error: [MissingControllerException] Controller class CssController could not be found.
#0 C:\wamp\www\IAWP4\app\webroot\index.php(92): Dispatcher->dispatch(Object(CakeRequest), Object(CakeResponse))
#1 {main}
2012-06-05 18:44:02 Error: [MissingControllerException] Controller class CssController could not be found.
#0 C:\wamp\www\IAWP4\app\webroot\index.php(92): Dispatcher->dispatch(Object(CakeRequest), Object(CakeResponse))
#1 {main}
2012-06-05 18:44:02 Error: [MissingControllerException] Controller class CssController could not be found.
#0 C:\wamp\www\IAWP4\app\webroot\index.php(92): Dispatcher->dispatch(Object(CakeRequest), Object(CakeResponse))
#1 {main}
2012-06-05 18:44:02 Error: [MissingControllerException] Controller class CssController could not be found.
#0 C:\wamp\www\IAWP4\app\webroot\index.php(92): Dispatcher->dispatch(Object(CakeRequest), Object(CakeResponse))
#1 {main}
2012-06-05 18:44:02 Error: [MissingControllerException] Controller class CssController could not be found.
#0 C:\wamp\www\IAWP4\app\webroot\index.php(92): Dispatcher->dispatch(Object(CakeRequest), Object(CakeResponse))
#1 {main}
2012-06-05 18:44:49 Error: [MissingControllerException] Controller class ImagesController could not be found.
#0 C:\wamp\www\IAWP4\app\webroot\index.php(92): Dispatcher->dispatch(Object(CakeRequest), Object(CakeResponse))
#1 {main}
2012-06-05 18:44:49 Error: [MissingControllerException] Controller class ImagesController could not be found.
#0 C:\wamp\www\IAWP4\app\webroot\index.php(92): Dispatcher->dispatch(Object(CakeRequest), Object(CakeResponse))
#1 {main}
2012-06-05 18:44:49 Error: [MissingControllerException] Controller class ImagesController could not be found.
#0 C:\wamp\www\IAWP4\app\webroot\index.php(92): Dispatcher->dispatch(Object(CakeRequest), Object(CakeResponse))
#1 {main}
2012-06-05 18:44:49 Error: [MissingControllerException] Controller class ImagesController could not be found.
#0 C:\wamp\www\IAWP4\app\webroot\index.php(92): Dispatcher->dispatch(Object(CakeRequest), Object(CakeResponse))
#1 {main}
2012-06-05 18:46:04 Error: [MissingControllerException] Controller class ImagesController could not be found.
#0 C:\wamp\www\IAWP4\app\webroot\index.php(92): Dispatcher->dispatch(Object(CakeRequest), Object(CakeResponse))
#1 {main}
2012-06-05 18:46:04 Error: [MissingControllerException] Controller class ImagesController could not be found.
#0 C:\wamp\www\IAWP4\app\webroot\index.php(92): Dispatcher->dispatch(Object(CakeRequest), Object(CakeResponse))
#1 {main}
2012-06-05 18:46:04 Error: [MissingControllerException] Controller class ImagesController could not be found.
#0 C:\wamp\www\IAWP4\app\webroot\index.php(92): Dispatcher->dispatch(Object(CakeRequest), Object(CakeResponse))
#1 {main}
2012-06-05 18:46:04 Error: [MissingControllerException] Controller class ImagesController could not be found.
#0 C:\wamp\www\IAWP4\app\webroot\index.php(92): Dispatcher->dispatch(Object(CakeRequest), Object(CakeResponse))
#1 {main}
2012-06-05 18:54:35 Error: [MissingViewException] View file "C:\wamp\www\IAWP4\app\View\Pages\inicioo.ctp" is missing.
#0 C:\wamp\www\IAWP4\lib\Cake\View\View.php(462): View->_getViewFileName('inicioo')
#1 C:\wamp\www\IAWP4\lib\Cake\Controller\Controller.php(959): View->render('inicioo', NULL)
#2 C:\wamp\www\IAWP4\app\Controller\PagesController.php(80): Controller->render('inicioo')
#3 [internal function]: PagesController->display('inicioo')
#4 C:\wamp\www\IAWP4\lib\Cake\Controller\Controller.php(485): ReflectionMethod->invokeArgs(Object(PagesController), Array)
#5 C:\wamp\www\IAWP4\lib\Cake\Routing\Dispatcher.php(103): Controller->invokeAction(Object(CakeRequest))
#6 C:\wamp\www\IAWP4\lib\Cake\Routing\Dispatcher.php(85): Dispatcher->_invoke(Object(PagesController), Object(CakeRequest), Object(CakeResponse))
#7 C:\wamp\www\IAWP4\app\webroot\index.php(92): Dispatcher->dispatch(Object(CakeRequest), Object(CakeResponse))
#8 {main}
2012-06-05 18:57:15 Error: [MissingControllerException] Controller class ImagesController could not be found.
#0 C:\wamp\www\IAWP4\app\webroot\index.php(92): Dispatcher->dispatch(Object(CakeRequest), Object(CakeResponse))
#1 {main}
2012-06-05 18:57:15 Error: [MissingControllerException] Controller class ImagesController could not be found.
#0 C:\wamp\www\IAWP4\app\webroot\index.php(92): Dispatcher->dispatch(Object(CakeRequest), Object(CakeResponse))
#1 {main}
2012-06-05 18:57:15 Error: [MissingControllerException] Controller class ImagesController could not be found.
#0 C:\wamp\www\IAWP4\app\webroot\index.php(92): Dispatcher->dispatch(Object(CakeRequest), Object(CakeResponse))
#1 {main}
2012-06-05 18:57:52 Error: [MissingViewException] View file "C:\wamp\www\IAWP4\app\View\Pages\home\header.ctp" is missing.
#0 C:\wamp\www\IAWP4\lib\Cake\View\View.php(462): View->_getViewFileName('home/header')
#1 C:\wamp\www\IAWP4\lib\Cake\Controller\Controller.php(959): View->render('home/header', NULL)
#2 C:\wamp\www\IAWP4\app\Controller\PagesController.php(80): Controller->render('home/header')
#3 [internal function]: PagesController->display('home', 'header')
#4 C:\wamp\www\IAWP4\lib\Cake\Controller\Controller.php(485): ReflectionMethod->invokeArgs(Object(PagesController), Array)
#5 C:\wamp\www\IAWP4\lib\Cake\Routing\Dispatcher.php(103): Controller->invokeAction(Object(CakeRequest))
#6 C:\wamp\www\IAWP4\lib\Cake\Routing\Dispatcher.php(85): Dispatcher->_invoke(Object(PagesController), Object(CakeRequest), Object(CakeResponse))
#7 C:\wamp\www\IAWP4\app\webroot\index.php(92): Dispatcher->dispatch(Object(CakeRequest), Object(CakeResponse))
#8 {main}
2012-06-05 19:00:49 Error: [MissingControllerException] Controller class ImagesController could not be found.
#0 C:\wamp\www\IAWP4\app\webroot\index.php(92): Dispatcher->dispatch(Object(CakeRequest), Object(CakeResponse))
#1 {main}
2012-06-05 19:00:49 Error: [MissingControllerException] Controller class ImagesController could not be found.
#0 C:\wamp\www\IAWP4\app\webroot\index.php(92): Dispatcher->dispatch(Object(CakeRequest), Object(CakeResponse))
#1 {main}
2012-06-05 19:00:49 Error: [MissingControllerException] Controller class ImagesController could not be found.
#0 C:\wamp\www\IAWP4\app\webroot\index.php(92): Dispatcher->dispatch(Object(CakeRequest), Object(CakeResponse))
#1 {main}
2012-06-05 19:01:02 Error: [MissingControllerException] Controller class ImagesController could not be found.
#0 C:\wamp\www\IAWP4\app\webroot\index.php(92): Dispatcher->dispatch(Object(CakeRequest), Object(CakeResponse))
#1 {main}
2012-06-05 19:01:02 Error: [MissingControllerException] Controller class ImagesController could not be found.
#0 C:\wamp\www\IAWP4\app\webroot\index.php(92): Dispatcher->dispatch(Object(CakeRequest), Object(CakeResponse))
#1 {main}
2012-06-05 19:01:02 Error: [MissingControllerException] Controller class ImagesController could not be found.
#0 C:\wamp\www\IAWP4\app\webroot\index.php(92): Dispatcher->dispatch(Object(CakeRequest), Object(CakeResponse))
#1 {main}
2012-06-05 19:01:25 Error: [MissingControllerException] Controller class ImagesController could not be found.
#0 C:\wamp\www\IAWP4\app\webroot\index.php(92): Dispatcher->dispatch(Object(CakeRequest), Object(CakeResponse))
#1 {main}
2012-06-05 19:01:25 Error: [MissingControllerException] Controller class ImagesController could not be found.
#0 C:\wamp\www\IAWP4\app\webroot\index.php(92): Dispatcher->dispatch(Object(CakeRequest), Object(CakeResponse))
#1 {main}
2012-06-05 19:01:25 Error: [MissingControllerException] Controller class ImagesController could not be found.
#0 C:\wamp\www\IAWP4\app\webroot\index.php(92): Dispatcher->dispatch(Object(CakeRequest), Object(CakeResponse))
#1 {main}
2012-06-05 19:01:47 Error: [MissingControllerException] Controller class About-us.htmlController could not be found.
#0 C:\wamp\www\IAWP4\app\webroot\index.php(92): Dispatcher->dispatch(Object(CakeRequest), Object(CakeResponse))
#1 {main}
2012-06-05 19:01:48 Error: [MissingControllerException] Controller class ImagesController could not be found.
#0 C:\wamp\www\IAWP4\app\webroot\index.php(92): Dispatcher->dispatch(Object(CakeRequest), Object(CakeResponse))
#1 {main}
2012-06-05 19:01:48 Error: [MissingControllerException] Controller class ImagesController could not be found.
#0 C:\wamp\www\IAWP4\app\webroot\index.php(92): Dispatcher->dispatch(Object(CakeRequest), Object(CakeResponse))
#1 {main}
2012-06-05 19:01:48 Error: [MissingControllerException] Controller class ImagesController could not be found.
#0 C:\wamp\www\IAWP4\app\webroot\index.php(92): Dispatcher->dispatch(Object(CakeRequest), Object(CakeResponse))
#1 {main}
2012-06-05 19:01:51 Error: [MissingControllerException] Controller class Articles.htmlController could not be found.
#0 C:\wamp\www\IAWP4\app\webroot\index.php(92): Dispatcher->dispatch(Object(CakeRequest), Object(CakeResponse))
#1 {main}
2012-06-05 19:01:51 Error: [MissingControllerException] Controller class ImagesController could not be found.
#0 C:\wamp\www\IAWP4\app\webroot\index.php(92): Dispatcher->dispatch(Object(CakeRequest), Object(CakeResponse))
#1 {main}
2012-06-05 19:01:51 Error: [MissingControllerException] Controller class ImagesController could not be found.
#0 C:\wamp\www\IAWP4\app\webroot\index.php(92): Dispatcher->dispatch(Object(CakeRequest), Object(CakeResponse))
#1 {main}
2012-06-05 19:01:51 Error: [MissingControllerException] Controller class ImagesController could not be found.
#0 C:\wamp\www\IAWP4\app\webroot\index.php(92): Dispatcher->dispatch(Object(CakeRequest), Object(CakeResponse))
#1 {main}
2012-06-05 19:01:53 Error: [MissingControllerException] Controller class Contact-us.htmlController could not be found.
#0 C:\wamp\www\IAWP4\app\webroot\index.php(92): Dispatcher->dispatch(Object(CakeRequest), Object(CakeResponse))
#1 {main}
2012-06-05 19:01:54 Error: [MissingControllerException] Controller class ImagesController could not be found.
#0 C:\wamp\www\IAWP4\app\webroot\index.php(92): Dispatcher->dispatch(Object(CakeRequest), Object(CakeResponse))
#1 {main}
2012-06-05 19:01:54 Error: [MissingControllerException] Controller class ImagesController could not be found.
#0 C:\wamp\www\IAWP4\app\webroot\index.php(92): Dispatcher->dispatch(Object(CakeRequest), Object(CakeResponse))
#1 {main}
2012-06-05 19:01:54 Error: [MissingControllerException] Controller class ImagesController could not be found.
#0 C:\wamp\www\IAWP4\app\webroot\index.php(92): Dispatcher->dispatch(Object(CakeRequest), Object(CakeResponse))
#1 {main}
2012-06-05 19:01:55 Error: [MissingControllerException] Controller class Sitemap.htmlController could not be found.
#0 C:\wamp\www\IAWP4\app\webroot\index.php(92): Dispatcher->dispatch(Object(CakeRequest), Object(CakeResponse))
#1 {main}
2012-06-05 19:01:55 Error: [MissingControllerException] Controller class ImagesController could not be found.
#0 C:\wamp\www\IAWP4\app\webroot\index.php(92): Dispatcher->dispatch(Object(CakeRequest), Object(CakeResponse))
#1 {main}
2012-06-05 19:01:55 Error: [MissingControllerException] Controller class ImagesController could not be found.
#0 C:\wamp\www\IAWP4\app\webroot\index.php(92): Dispatcher->dispatch(Object(CakeRequest), Object(CakeResponse))
#1 {main}
2012-06-05 19:01:55 Error: [MissingControllerException] Controller class ImagesController could not be found.
#0 C:\wamp\www\IAWP4\app\webroot\index.php(92): Dispatcher->dispatch(Object(CakeRequest), Object(CakeResponse))
#1 {main}
2012-06-05 19:01:58 Error: [MissingControllerException] Controller class Index.htmlController could not be found.
#0 C:\wamp\www\IAWP4\app\webroot\index.php(92): Dispatcher->dispatch(Object(CakeRequest), Object(CakeResponse))
#1 {main}
2012-06-05 19:01:58 Error: [MissingControllerException] Controller class ImagesController could not be found.
#0 C:\wamp\www\IAWP4\app\webroot\index.php(92): Dispatcher->dispatch(Object(CakeRequest), Object(CakeResponse))
#1 {main}
2012-06-05 19:01:58 Error: [MissingControllerException] Controller class ImagesController could not be found.
#0 C:\wamp\www\IAWP4\app\webroot\index.php(92): Dispatcher->dispatch(Object(CakeRequest), Object(CakeResponse))
#1 {main}
2012-06-05 19:01:58 Error: [MissingControllerException] Controller class ImagesController could not be found.
#0 C:\wamp\www\IAWP4\app\webroot\index.php(92): Dispatcher->dispatch(Object(CakeRequest), Object(CakeResponse))
#1 {main}
2012-06-05 19:02:03 Error: [MissingControllerException] Controller class ImagesController could not be found.
#0 C:\wamp\www\IAWP4\app\webroot\index.php(92): Dispatcher->dispatch(Object(CakeRequest), Object(CakeResponse))
#1 {main}
2012-06-05 19:02:03 Error: [MissingControllerException] Controller class ImagesController could not be found.
#0 C:\wamp\www\IAWP4\app\webroot\index.php(92): Dispatcher->dispatch(Object(CakeRequest), Object(CakeResponse))
#1 {main}
2012-06-05 19:02:03 Error: [MissingControllerException] Controller class ImagesController could not be found.
#0 C:\wamp\www\IAWP4\app\webroot\index.php(92): Dispatcher->dispatch(Object(CakeRequest), Object(CakeResponse))
#1 {main}
